2024/03/18 14:58:37 [INFO] Starting application...
2024/03/18 14:58:37 [ERROR] An error occurred!
2024/03/18 14:58:37 [INFO] Exiting application...
2024/03/18 15:02:09 [INFO] Starting application...
2024/03/18 15:02:09 [ERROR] An error occurred!
2024/03/18 15:02:09 [INFO] Exiting application...
2024/03/18 15:16:26 [INFO] Starting application...
2024/03/18 15:16:26 [ERROR] An error occurred!
2024/03/18 15:16:26 [INFO] Exiting application...
[INFO] 2024/03/18 15:20:47 main.go:18: [INFO] Starting application...
[INFO] 2024/03/18 15:20:47 main.go:23: [ERROR] An error occurred!
[INFO] 2024/03/18 15:20:47 main.go:18: [INFO] Exiting application...
[INFO] 2024/03/18 15:25:51 main.go:33: This is a log message.
[INFO] 2024/03/18 16:10:00 main.go:34: This is a log message.
[INFO] 2024/03/18 16:12:33 main.go:34: This is a log message.
[INFO] 2024/03/18 16:14:40 main.go:34: This is a log message.
[INFO] 2024/03/18 16:17:01 main.go:34: This is a log message.
[INFO] 2024/03/18 16:27:27 main.go:37: This is a log message.
[INFO] 2024/03/18 16:29:57 main.go:37: This is a log message.
[INFO] 2024/03/18 16:33:48 main.go:37: This is a log message.
[INFO] 2024/03/18 16:36:59 main.go:37: This is a log message.
[INFO] 2024/03/18 16:39:25 main.go:37: This is a log message.
[INFO] 2024/03/18 16:42:19 main.go:37: This is a log message.
[INFO] 2024/03/18 16:54:31 main.go:37: This is a log message.
[INFO] 2024/03/18 17:05:44 main.go:62: This is a log message.
[INFO] 2024/03/18 17:21:54 main.go:49: This is a log message.
[INFO] 2024/03/18 17:23:14 main.go:49: This is a log message.
[INFO] 2024/03/18 17:28:17 main.go:40: This is a log message.
[INFO] 2024/03/19 10:22:40 main.go:40: This is a log message.
[INFO] 2024/03/19 10:50:32 main.go:40: This is a log message.
[INFO] 2024/03/19 10:56:50 main.go:40: This is a log message.
[INFO] 2024/03/19 11:01:36 main.go:40: This is a log message.
[INFO] 2024/03/19 11:04:04 main.go:40: This is a log message.
[INFO] 2024/03/19 11:27:23 main.go:40: This is a log message.
